This file contains any messages produced by compilers while
running configure, to aid debugging if configure makes a mistake.

It was created by k3screenctrl configure 0.10, which was
generated by GNU Autoconf 2.69.  Invocation command line was

  $ ./configure --host=arm-linux --build= --target=arm-linux --host=arm-linux --build=x86_64-linux-gnu --prefix= --enable-shared --enable-static

## --------- ##
## Platform. ##
## --------- ##

hostname = paldier-VirtualBox
uname -m = x86_64
uname -r = 4.2.0-42-generic
uname -s = Linux
uname -v = #49~14.04.1-Ubuntu SMP Wed Jun 29 20:22:11 UTC 2016

/usr/bin/uname -p = unknown
/bin/uname -X     = unknown

/bin/arch              = unknown
/usr/bin/arch -k       = unknown
/usr/convex/getsysinfo = unknown
/usr/bin/hostinfo      = unknown
/bin/machine           = unknown
/usr/bin/oslevel       = unknown
/bin/universe          = unknown

PATH: /home/paldier/k3/release/src-rt-7.14.114.x/tools
PATH: /home/paldier/k3/release/src-rt-7.14.114.x/src/ctools
PATH: /home/paldier/k3/release/src-rt-7.14.114.x/tools
PATH: /home/paldier/k3/release/src-rt-7.14.114.x/src/ctools
PATH: /home/paldier/k3/release/src-rt-7.14.114.x/tools
PATH: /home/paldier/k3/release/src-rt-7.14.114.x/src/ctools
PATH: /usr/local/sbin
PATH: /usr/local/bin
PATH: /usr/sbin
PATH: /usr/bin
PATH: /sbin
PATH: /bin
PATH: /usr/games
PATH: /usr/local/games
PATH: /opt/brcm/hndtools-mipsel-linux/bin
PATH: /opt/brcm/hndtools-mipsel-uclibc/bin
PATH: /opt/brcm-arm/bin


## ----------- ##
## Core tests. ##
## ----------- ##

configure:2300: checking for a BSD-compatible install
configure:2368: result: /usr/bin/install -c
configure:2379: checking whether build environment is sane
configure:2434: result: yes
configure:2493: checking for arm-linux-strip
configure:2520: result: arm-brcm-linux-uclibcgnueabi-strip
configure:2585: checking for a thread-safe mkdir -p
configure:2624: result: /bin/mkdir -p
configure:2631: checking for gawk
configure:2647: found /usr/bin/gawk
configure:2658: result: gawk
configure:2669: checking whether make sets $(MAKE)
configure:2691: result: yes
configure:2720: checking whether make supports nested variables
configure:2737: result: yes
configure:2875: checking for arm-linux-gcc
configure:2902: result: arm-brcm-linux-uclibcgnueabi-gcc
configure:3171: checking for C compiler version
configure:3180: arm-brcm-linux-uclibcgnueabi-gcc --version >&5
arm-brcm-linux-uclibcgnueabi-gcc (Buildroot 2012.02) 4.5.3
Copyright (C) 2010 Free Software Foundation, Inc.
This is free software; see the source for copying conditions.  There is NO
warranty; not even for MERCHANTABILITY or FITNESS FOR A PARTICULAR PURPOSE.

configure:3191: $? = 0
configure:3180: arm-brcm-linux-uclibcgnueabi-gcc -v >&5
Using built-in specs.
COLLECT_GCC=arm-brcm-linux-uclibcgnueabi-gcc
COLLECT_LTO_WRAPPER=/home/paldier/k3/release/src-rt-6.x.4708/toolchains/hndtools-arm-linux-2.6.36-uclibc-4.5.3/bin/../libexec/gcc/arm-brcm-linux-uclibcgnueabi/4.5.3/lto-wrapper
Target: arm-brcm-linux-uclibcgnueabi
Configured with: /projects/toolchains_build/buildroot-2012.02-brcm/output/toolchain/gcc-4.5.3/configure --prefix=/projects/hnd/tools/linux/hndtools-arm-linux-2.6.36-uclibc-4.5.3 --build=i686-pc-linux-gnu --host=i686-pc-linux-gnu --target=arm-brcm-linux-uclibcgnueabi --enable-languages=c,c++ --with-sysroot=/projects/hnd/tools/linux/hndtools-arm-linux-2.6.36-uclibc-4.5.3/arm-brcm-linux-uclibcgnueabi/sysroot --with-build-time-tools=/projects/hnd/tools/linux/hndtools-arm-linux-2.6.36-uclibc-4.5.3/arm-brcm-linux-uclibcgnueabi/bin --disable-__cxa_atexit --enable-target-optspace --disable-libgomp --with-gnu-ld --disable-libssp --disable-multilib --disable-tls --enable-shared --with-gmp=/projects/hnd/tools/linux/hndtools-arm-linux-2.6.36-uclibc-4.5.3 --with-mpfr=/projects/hnd/tools/linux/hndtools-arm-linux-2.6.36-uclibc-4.5.3 --with-mpc=/projects/hnd/tools/linux/hndtools-arm-linux-2.6.36-uclibc-4.5.3 --enable-threads --disable-decimal-float --with-float=soft --with-abi=aapcs-linux --with-arch=armv7-a --with-tune=cortex-a9 --with-pkgversion='Buildroot 2012.02' --with-bugurl=http://bugs.buildroot.net/
Thread model: posix
gcc version 4.5.3 (Buildroot 2012.02) 
configure:3191: $? = 0
configure:3180: arm-brcm-linux-uclibcgnueabi-gcc -V >&5
arm-brcm-linux-uclibcgnueabi-gcc: '-V' option must have argument
configure:3191: $? = 1
configure:3180: arm-brcm-linux-uclibcgnueabi-gcc -qversion >&5
arm-brcm-linux-uclibcgnueabi-gcc: unrecognized option '-qversion'
arm-brcm-linux-uclibcgnueabi-gcc: no input files
configure:3191: $? = 1
configure:3211: checking whether the C compiler works
configure:3233: arm-brcm-linux-uclibcgnueabi-gcc  -std=gnu99 -D_GNU_SOURCE -DLINUX26 -DCONFIG_BCMWL5 -DDEBUG_NOISY -DDEBUG_RCTEST -pipe -DBCMWPA2 -DBCMARM -fno-strict-aliasing -marm -DLINUX_KERNEL_VERSION=132644  -I/home/paldier/k3/release/src-rt-7.14.114.x/src/router/nvram_arm -I/home/paldier/k3/release/src-rt-7.14.114.x/src/router/shared -I/home/paldier/k3/release/src-rt-7.14.114.x/src/include -I/home/paldier/k3/release/src-rt-7.14.114.x/src/linux/linux-2.6.36/include  -lgcc_s -L/home/paldier/k3/release/src-rt-7.14.114.x/src/router/nvram_arm -lnvram -L/home/paldier/k3/release/src-rt-7.14.114.x/src/router/shared -lshared conftest.c  >&5
configure:3237: $? = 0
configure:3285: result: yes
configure:3288: checking for C compiler default output file name
configure:3290: result: a.out
configure:3296: checking for suffix of executables
configure:3303: arm-brcm-linux-uclibcgnueabi-gcc -o conftest  -std=gnu99 -D_GNU_SOURCE -DLINUX26 -DCONFIG_BCMWL5 -DDEBUG_NOISY -DDEBUG_RCTEST -pipe -DBCMWPA2 -DBCMARM -fno-strict-aliasing -marm -DLINUX_KERNEL_VERSION=132644  -I/home/paldier/k3/release/src-rt-7.14.114.x/src/router/nvram_arm -I/home/paldier/k3/release/src-rt-7.14.114.x/src/router/shared -I/home/paldier/k3/release/src-rt-7.14.114.x/src/include -I/home/paldier/k3/release/src-rt-7.14.114.x/src/linux/linux-2.6.36/include  -lgcc_s -L/home/paldier/k3/release/src-rt-7.14.114.x/src/router/nvram_arm -lnvram -L/home/paldier/k3/release/src-rt-7.14.114.x/src/router/shared -lshared conftest.c  >&5
configure:3307: $? = 0
configure:3329: result: 
configure:3351: checking whether we are cross compiling
configure:3389: result: yes
configure:3394: checking for suffix of object files
configure:3416: arm-brcm-linux-uclibcgnueabi-gcc -c  -std=gnu99 -D_GNU_SOURCE -DLINUX26 -DCONFIG_BCMWL5 -DDEBUG_NOISY -DDEBUG_RCTEST -pipe -DBCMWPA2 -DBCMARM -fno-strict-aliasing -marm -DLINUX_KERNEL_VERSION=132644  -I/home/paldier/k3/release/src-rt-7.14.114.x/src/router/nvram_arm -I/home/paldier/k3/release/src-rt-7.14.114.x/src/router/shared -I/home/paldier/k3/release/src-rt-7.14.114.x/src/include -I/home/paldier/k3/release/src-rt-7.14.114.x/src/linux/linux-2.6.36/include  conftest.c >&5
configure:3420: $? = 0
configure:3441: result: o
configure:3445: checking whether we are using the GNU C compiler
configure:3464: arm-brcm-linux-uclibcgnueabi-gcc -c  -std=gnu99 -D_GNU_SOURCE -DLINUX26 -DCONFIG_BCMWL5 -DDEBUG_NOISY -DDEBUG_RCTEST -pipe -DBCMWPA2 -DBCMARM -fno-strict-aliasing -marm -DLINUX_KERNEL_VERSION=132644  -I/home/paldier/k3/release/src-rt-7.14.114.x/src/router/nvram_arm -I/home/paldier/k3/release/src-rt-7.14.114.x/src/router/shared -I/home/paldier/k3/release/src-rt-7.14.114.x/src/include -I/home/paldier/k3/release/src-rt-7.14.114.x/src/linux/linux-2.6.36/include  conftest.c >&5
configure:3464: $? = 0
configure:3473: result: yes
configure:3482: checking whether arm-brcm-linux-uclibcgnueabi-gcc accepts -g
configure:3502: arm-brcm-linux-uclibcgnueabi-gcc -c -g  conftest.c >&5
configure:3502: $? = 0
configure:3543: result: yes
configure:3560: checking for arm-brcm-linux-uclibcgnueabi-gcc option to accept ISO C89
configure:3623: arm-brcm-linux-uclibcgnueabi-gcc  -c  -std=gnu99 -D_GNU_SOURCE -DLINUX26 -DCONFIG_BCMWL5 -DDEBUG_NOISY -DDEBUG_RCTEST -pipe -DBCMWPA2 -DBCMARM -fno-strict-aliasing -marm -DLINUX_KERNEL_VERSION=132644  -I/home/paldier/k3/release/src-rt-7.14.114.x/src/router/nvram_arm -I/home/paldier/k3/release/src-rt-7.14.114.x/src/router/shared -I/home/paldier/k3/release/src-rt-7.14.114.x/src/include -I/home/paldier/k3/release/src-rt-7.14.114.x/src/linux/linux-2.6.36/include  conftest.c >&5
configure:3623: $? = 0
configure:3636: result: none needed
configure:3661: checking whether arm-brcm-linux-uclibcgnueabi-gcc understands -c and -o together
configure:3683: arm-brcm-linux-uclibcgnueabi-gcc -c conftest.c -o conftest2.o
configure:3686: $? = 0
configure:3683: arm-brcm-linux-uclibcgnueabi-gcc -c conftest.c -o conftest2.o
configure:3686: $? = 0
configure:3698: result: yes
configure:3726: checking for style of include used by make
configure:3754: result: GNU
configure:3780: checking dependency style of arm-brcm-linux-uclibcgnueabi-gcc
configure:3891: result: gcc3
configure:3916: checking how to run the C preprocessor
configure:3947: arm-brcm-linux-uclibcgnueabi-gcc -E  conftest.c
configure:3947: $? = 0
configure:3961: arm-brcm-linux-uclibcgnueabi-gcc -E  conftest.c
conftest.c:11:28: fatal error: ac_nonexistent.h: No such file or directory
compilation terminated.
configure:3961: $? = 1
configure: failed program was:
| /* confdefs.h */
| #define PACKAGE_NAME "k3screenctrl"
| #define PACKAGE_TARNAME "k3screenctrl"
| #define PACKAGE_VERSION "0.10"
| #define PACKAGE_STRING "k3screenctrl 0.10"
| #define PACKAGE_BUGREPORT "haotia@gmail.com"
| #define PACKAGE_URL ""
| #define PACKAGE "k3screenctrl"
| #define VERSION "0.10"
| /* end confdefs.h.  */
| #include <ac_nonexistent.h>
configure:3986: result: arm-brcm-linux-uclibcgnueabi-gcc -E
configure:4006: arm-brcm-linux-uclibcgnueabi-gcc -E  conftest.c
configure:4006: $? = 0
configure:4020: arm-brcm-linux-uclibcgnueabi-gcc -E  conftest.c
conftest.c:11:28: fatal error: ac_nonexistent.h: No such file or directory
compilation terminated.
configure:4020: $? = 1
configure: failed program was:
| /* confdefs.h */
| #define PACKAGE_NAME "k3screenctrl"
| #define PACKAGE_TARNAME "k3screenctrl"
| #define PACKAGE_VERSION "0.10"
| #define PACKAGE_STRING "k3screenctrl 0.10"
| #define PACKAGE_BUGREPORT "haotia@gmail.com"
| #define PACKAGE_URL ""
| #define PACKAGE "k3screenctrl"
| #define VERSION "0.10"
| /* end confdefs.h.  */
| #include <ac_nonexistent.h>
configure:4049: checking for grep that handles long lines and -e
configure:4107: result: /bin/grep
configure:4112: checking for egrep
configure:4174: result: /bin/grep -E
configure:4179: checking for ANSI C header files
configure:4199: arm-brcm-linux-uclibcgnueabi-gcc -c  -std=gnu99 -D_GNU_SOURCE -DLINUX26 -DCONFIG_BCMWL5 -DDEBUG_NOISY -DDEBUG_RCTEST -pipe -DBCMWPA2 -DBCMARM -fno-strict-aliasing -marm -DLINUX_KERNEL_VERSION=132644  -I/home/paldier/k3/release/src-rt-7.14.114.x/src/router/nvram_arm -I/home/paldier/k3/release/src-rt-7.14.114.x/src/router/shared -I/home/paldier/k3/release/src-rt-7.14.114.x/src/include -I/home/paldier/k3/release/src-rt-7.14.114.x/src/linux/linux-2.6.36/include  conftest.c >&5
configure:4199: $? = 0
configure:4283: result: yes
configure:4296: checking for sys/types.h
configure:4296: arm-brcm-linux-uclibcgnueabi-gcc -c  -std=gnu99 -D_GNU_SOURCE -DLINUX26 -DCONFIG_BCMWL5 -DDEBUG_NOISY -DDEBUG_RCTEST -pipe -DBCMWPA2 -DBCMARM -fno-strict-aliasing -marm -DLINUX_KERNEL_VERSION=132644  -I/home/paldier/k3/release/src-rt-7.14.114.x/src/router/nvram_arm -I/home/paldier/k3/release/src-rt-7.14.114.x/src/router/shared -I/home/paldier/k3/release/src-rt-7.14.114.x/src/include -I/home/paldier/k3/release/src-rt-7.14.114.x/src/linux/linux-2.6.36/include  conftest.c >&5
configure:4296: $? = 0
configure:4296: result: yes
configure:4296: checking for sys/stat.h
configure:4296: arm-brcm-linux-uclibcgnueabi-gcc -c  -std=gnu99 -D_GNU_SOURCE -DLINUX26 -DCONFIG_BCMWL5 -DDEBUG_NOISY -DDEBUG_RCTEST -pipe -DBCMWPA2 -DBCMARM -fno-strict-aliasing -marm -DLINUX_KERNEL_VERSION=132644  -I/home/paldier/k3/release/src-rt-7.14.114.x/src/router/nvram_arm -I/home/paldier/k3/release/src-rt-7.14.114.x/src/router/shared -I/home/paldier/k3/release/src-rt-7.14.114.x/src/include -I/home/paldier/k3/release/src-rt-7.14.114.x/src/linux/linux-2.6.36/include  conftest.c >&5
configure:4296: $? = 0
configure:4296: result: yes
configure:4296: checking for stdlib.h
configure:4296: arm-brcm-linux-uclibcgnueabi-gcc -c  -std=gnu99 -D_GNU_SOURCE -DLINUX26 -DCONFIG_BCMWL5 -DDEBUG_NOISY -DDEBUG_RCTEST -pipe -DBCMWPA2 -DBCMARM -fno-strict-aliasing -marm -DLINUX_KERNEL_VERSION=132644  -I/home/paldier/k3/release/src-rt-7.14.114.x/src/router/nvram_arm -I/home/paldier/k3/release/src-rt-7.14.114.x/src/router/shared -I/home/paldier/k3/release/src-rt-7.14.114.x/src/include -I/home/paldier/k3/release/src-rt-7.14.114.x/src/linux/linux-2.6.36/include  conftest.c >&5
configure:4296: $? = 0
configure:4296: result: yes
configure:4296: checking for string.h
configure:4296: arm-brcm-linux-uclibcgnueabi-gcc -c  -std=gnu99 -D_GNU_SOURCE -DLINUX26 -DCONFIG_BCMWL5 -DDEBUG_NOISY -DDEBUG_RCTEST -pipe -DBCMWPA2 -DBCMARM -fno-strict-aliasing -marm -DLINUX_KERNEL_VERSION=132644  -I/home/paldier/k3/release/src-rt-7.14.114.x/src/router/nvram_arm -I/home/paldier/k3/release/src-rt-7.14.114.x/src/router/shared -I/home/paldier/k3/release/src-rt-7.14.114.x/src/include -I/home/paldier/k3/release/src-rt-7.14.114.x/src/linux/linux-2.6.36/include  conftest.c >&5
configure:4296: $? = 0
configure:4296: result: yes
configure:4296: checking for memory.h
configure:4296: arm-brcm-linux-uclibcgnueabi-gcc -c  -std=gnu99 -D_GNU_SOURCE -DLINUX26 -DCONFIG_BCMWL5 -DDEBUG_NOISY -DDEBUG_RCTEST -pipe -DBCMWPA2 -DBCMARM -fno-strict-aliasing -marm -DLINUX_KERNEL_VERSION=132644  -I/home/paldier/k3/release/src-rt-7.14.114.x/src/router/nvram_arm -I/home/paldier/k3/release/src-rt-7.14.114.x/src/router/shared -I/home/paldier/k3/release/src-rt-7.14.114.x/src/include -I/home/paldier/k3/release/src-rt-7.14.114.x/src/linux/linux-2.6.36/include  conftest.c >&5
configure:4296: $? = 0
configure:4296: result: yes
configure:4296: checking for strings.h
configure:4296: arm-brcm-linux-uclibcgnueabi-gcc -c  -std=gnu99 -D_GNU_SOURCE -DLINUX26 -DCONFIG_BCMWL5 -DDEBUG_NOISY -DDEBUG_RCTEST -pipe -DBCMWPA2 -DBCMARM -fno-strict-aliasing -marm -DLINUX_KERNEL_VERSION=132644  -I/home/paldier/k3/release/src-rt-7.14.114.x/src/router/nvram_arm -I/home/paldier/k3/release/src-rt-7.14.114.x/src/router/shared -I/home/paldier/k3/release/src-rt-7.14.114.x/src/include -I/home/paldier/k3/release/src-rt-7.14.114.x/src/linux/linux-2.6.36/include  conftest.c >&5
configure:4296: $? = 0
configure:4296: result: yes
configure:4296: checking for inttypes.h
configure:4296: arm-brcm-linux-uclibcgnueabi-gcc -c  -std=gnu99 -D_GNU_SOURCE -DLINUX26 -DCONFIG_BCMWL5 -DDEBUG_NOISY -DDEBUG_RCTEST -pipe -DBCMWPA2 -DBCMARM -fno-strict-aliasing -marm -DLINUX_KERNEL_VERSION=132644  -I/home/paldier/k3/release/src-rt-7.14.114.x/src/router/nvram_arm -I/home/paldier/k3/release/src-rt-7.14.114.x/src/router/shared -I/home/paldier/k3/release/src-rt-7.14.114.x/src/include -I/home/paldier/k3/release/src-rt-7.14.114.x/src/linux/linux-2.6.36/include  conftest.c >&5
configure:4296: $? = 0
configure:4296: result: yes
configure:4296: checking for stdint.h
configure:4296: arm-brcm-linux-uclibcgnueabi-gcc -c  -std=gnu99 -D_GNU_SOURCE -DLINUX26 -DCONFIG_BCMWL5 -DDEBUG_NOISY -DDEBUG_RCTEST -pipe -DBCMWPA2 -DBCMARM -fno-strict-aliasing -marm -DLINUX_KERNEL_VERSION=132644  -I/home/paldier/k3/release/src-rt-7.14.114.x/src/router/nvram_arm -I/home/paldier/k3/release/src-rt-7.14.114.x/src/router/shared -I/home/paldier/k3/release/src-rt-7.14.114.x/src/include -I/home/paldier/k3/release/src-rt-7.14.114.x/src/linux/linux-2.6.36/include  conftest.c >&5
configure:4296: $? = 0
configure:4296: result: yes
configure:4296: checking for unistd.h
configure:4296: arm-brcm-linux-uclibcgnueabi-gcc -c  -std=gnu99 -D_GNU_SOURCE -DLINUX26 -DCONFIG_BCMWL5 -DDEBUG_NOISY -DDEBUG_RCTEST -pipe -DBCMWPA2 -DBCMARM -fno-strict-aliasing -marm -DLINUX_KERNEL_VERSION=132644  -I/home/paldier/k3/release/src-rt-7.14.114.x/src/router/nvram_arm -I/home/paldier/k3/release/src-rt-7.14.114.x/src/router/shared -I/home/paldier/k3/release/src-rt-7.14.114.x/src/include -I/home/paldier/k3/release/src-rt-7.14.114.x/src/linux/linux-2.6.36/include  conftest.c >&5
configure:4296: $? = 0
configure:4296: result: yes
configure:4311: checking arpa/inet.h usability
configure:4311: arm-brcm-linux-uclibcgnueabi-gcc -c  -std=gnu99 -D_GNU_SOURCE -DLINUX26 -DCONFIG_BCMWL5 -DDEBUG_NOISY -DDEBUG_RCTEST -pipe -DBCMWPA2 -DBCMARM -fno-strict-aliasing -marm -DLINUX_KERNEL_VERSION=132644  -I/home/paldier/k3/release/src-rt-7.14.114.x/src/router/nvram_arm -I/home/paldier/k3/release/src-rt-7.14.114.x/src/router/shared -I/home/paldier/k3/release/src-rt-7.14.114.x/src/include -I/home/paldier/k3/release/src-rt-7.14.114.x/src/linux/linux-2.6.36/include  conftest.c >&5
configure:4311: $? = 0
configure:4311: result: yes
configure:4311: checking arpa/inet.h presence
configure:4311: arm-brcm-linux-uclibcgnueabi-gcc -E  conftest.c
configure:4311: $? = 0
configure:4311: result: yes
configure:4311: checking for arpa/inet.h
configure:4311: result: yes
configure:4311: checking fcntl.h usability
configure:4311: arm-brcm-linux-uclibcgnueabi-gcc -c  -std=gnu99 -D_GNU_SOURCE -DLINUX26 -DCONFIG_BCMWL5 -DDEBUG_NOISY -DDEBUG_RCTEST -pipe -DBCMWPA2 -DBCMARM -fno-strict-aliasing -marm -DLINUX_KERNEL_VERSION=132644  -I/home/paldier/k3/release/src-rt-7.14.114.x/src/router/nvram_arm -I/home/paldier/k3/release/src-rt-7.14.114.x/src/router/shared -I/home/paldier/k3/release/src-rt-7.14.114.x/src/include -I/home/paldier/k3/release/src-rt-7.14.114.x/src/linux/linux-2.6.36/include  conftest.c >&5
configure:4311: $? = 0
configure:4311: result: yes
configure:4311: checking fcntl.h presence
configure:4311: arm-brcm-linux-uclibcgnueabi-gcc -E  conftest.c
configure:4311: $? = 0
configure:4311: result: yes
configure:4311: checking for fcntl.h
configure:4311: result: yes
configure:4311: checking for stdint.h
configure:4311: result: yes
configure:4311: checking for stdlib.h
configure:4311: result: yes
configure:4311: checking for string.h
configure:4311: result: yes
configure:4311: checking sys/ioctl.h usability
configure:4311: arm-brcm-linux-uclibcgnueabi-gcc -c  -std=gnu99 -D_GNU_SOURCE -DLINUX26 -DCONFIG_BCMWL5 -DDEBUG_NOISY -DDEBUG_RCTEST -pipe -DBCMWPA2 -DBCMARM -fno-strict-aliasing -marm -DLINUX_KERNEL_VERSION=132644  -I/home/paldier/k3/release/src-rt-7.14.114.x/src/router/nvram_arm -I/home/paldier/k3/release/src-rt-7.14.114.x/src/router/shared -I/home/paldier/k3/release/src-rt-7.14.114.x/src/include -I/home/paldier/k3/release/src-rt-7.14.114.x/src/linux/linux-2.6.36/include  conftest.c >&5
configure:4311: $? = 0
configure:4311: result: yes
configure:4311: checking sys/ioctl.h presence
configure:4311: arm-brcm-linux-uclibcgnueabi-gcc -E  conftest.c
configure:4311: $? = 0
configure:4311: result: yes
configure:4311: checking for sys/ioctl.h
configure:4311: result: yes
configure:4311: checking syslog.h usability
configure:4311: arm-brcm-linux-uclibcgnueabi-gcc -c  -std=gnu99 -D_GNU_SOURCE -DLINUX26 -DCONFIG_BCMWL5 -DDEBUG_NOISY -DDEBUG_RCTEST -pipe -DBCMWPA2 -DBCMARM -fno-strict-aliasing -marm -DLINUX_KERNEL_VERSION=132644  -I/home/paldier/k3/release/src-rt-7.14.114.x/src/router/nvram_arm -I/home/paldier/k3/release/src-rt-7.14.114.x/src/router/shared -I/home/paldier/k3/release/src-rt-7.14.114.x/src/include -I/home/paldier/k3/release/src-rt-7.14.114.x/src/linux/linux-2.6.36/include  conftest.c >&5
configure:4311: $? = 0
configure:4311: result: yes
configure:4311: checking syslog.h presence
configure:4311: arm-brcm-linux-uclibcgnueabi-gcc -E  conftest.c
configure:4311: $? = 0
configure:4311: result: yes
configure:4311: checking for syslog.h
configure:4311: result: yes
configure:4311: checking termios.h usability
configure:4311: arm-brcm-linux-uclibcgnueabi-gcc -c  -std=gnu99 -D_GNU_SOURCE -DLINUX26 -DCONFIG_BCMWL5 -DDEBUG_NOISY -DDEBUG_RCTEST -pipe -DBCMWPA2 -DBCMARM -fno-strict-aliasing -marm -DLINUX_KERNEL_VERSION=132644  -I/home/paldier/k3/release/src-rt-7.14.114.x/src/router/nvram_arm -I/home/paldier/k3/release/src-rt-7.14.114.x/src/router/shared -I/home/paldier/k3/release/src-rt-7.14.114.x/src/include -I/home/paldier/k3/release/src-rt-7.14.114.x/src/linux/linux-2.6.36/include  conftest.c >&5
configure:4311: $? = 0
configure:4311: result: yes
configure:4311: checking termios.h presence
configure:4311: arm-brcm-linux-uclibcgnueabi-gcc -E  conftest.c
configure:4311: $? = 0
configure:4311: result: yes
configure:4311: checking for termios.h
configure:4311: result: yes
configure:4311: checking for unistd.h
configure:4311: result: yes
configure:4323: checking for stdbool.h that conforms to C99
configure:4390: arm-brcm-linux-uclibcgnueabi-gcc -c  -std=gnu99 -D_GNU_SOURCE -DLINUX26 -DCONFIG_BCMWL5 -DDEBUG_NOISY -DDEBUG_RCTEST -pipe -DBCMWPA2 -DBCMARM -fno-strict-aliasing -marm -DLINUX_KERNEL_VERSION=132644  -I/home/paldier/k3/release/src-rt-7.14.114.x/src/router/nvram_arm -I/home/paldier/k3/release/src-rt-7.14.114.x/src/router/shared -I/home/paldier/k3/release/src-rt-7.14.114.x/src/include -I/home/paldier/k3/release/src-rt-7.14.114.x/src/linux/linux-2.6.36/include  conftest.c >&5
configure:4390: $? = 0
configure:4397: result: yes
configure:4399: checking for _Bool
configure:4399: arm-brcm-linux-uclibcgnueabi-gcc -c  -std=gnu99 -D_GNU_SOURCE -DLINUX26 -DCONFIG_BCMWL5 -DDEBUG_NOISY -DDEBUG_RCTEST -pipe -DBCMWPA2 -DBCMARM -fno-strict-aliasing -marm -DLINUX_KERNEL_VERSION=132644  -I/home/paldier/k3/release/src-rt-7.14.114.x/src/router/nvram_arm -I/home/paldier/k3/release/src-rt-7.14.114.x/src/router/shared -I/home/paldier/k3/release/src-rt-7.14.114.x/src/include -I/home/paldier/k3/release/src-rt-7.14.114.x/src/linux/linux-2.6.36/include  conftest.c >&5
configure:4399: $? = 0
configure:4399: arm-brcm-linux-uclibcgnueabi-gcc -c  -std=gnu99 -D_GNU_SOURCE -DLINUX26 -DCONFIG_BCMWL5 -DDEBUG_NOISY -DDEBUG_RCTEST -pipe -DBCMWPA2 -DBCMARM -fno-strict-aliasing -marm -DLINUX_KERNEL_VERSION=132644  -I/home/paldier/k3/release/src-rt-7.14.114.x/src/router/nvram_arm -I/home/paldier/k3/release/src-rt-7.14.114.x/src/router/shared -I/home/paldier/k3/release/src-rt-7.14.114.x/src/include -I/home/paldier/k3/release/src-rt-7.14.114.x/src/linux/linux-2.6.36/include  conftest.c >&5
conftest.c: In function 'main':
conftest.c:66:20: error: expected expression before ')' token
configure:4399: $? = 1
configure: failed program was:
| /* confdefs.h */
| #define PACKAGE_NAME "k3screenctrl"
| #define PACKAGE_TARNAME "k3screenctrl"
| #define PACKAGE_VERSION "0.10"
| #define PACKAGE_STRING "k3screenctrl 0.10"
| #define PACKAGE_BUGREPORT "haotia@gmail.com"
| #define PACKAGE_URL ""
| #define PACKAGE "k3screenctrl"
| #define VERSION "0.10"
| #define STDC_HEADERS 1
| #define HAVE_SYS_TYPES_H 1
| #define HAVE_SYS_STAT_H 1
| #define HAVE_STDLIB_H 1
| #define HAVE_STRING_H 1
| #define HAVE_MEMORY_H 1
| #define HAVE_STRINGS_H 1
| #define HAVE_INTTYPES_H 1
| #define HAVE_STDINT_H 1
| #define HAVE_UNISTD_H 1
| #define HAVE_ARPA_INET_H 1
| #define HAVE_FCNTL_H 1
| #define HAVE_STDINT_H 1
| #define HAVE_STDLIB_H 1
| #define HAVE_STRING_H 1
| #define HAVE_SYS_IOCTL_H 1
| #define HAVE_SYSLOG_H 1
| #define HAVE_TERMIOS_H 1
| #define HAVE_UNISTD_H 1
| /* end confdefs.h.  */
| #include <stdio.h>
| #ifdef HAVE_SYS_TYPES_H
| # include <sys/types.h>
| #endif
| #ifdef HAVE_SYS_STAT_H
| # include <sys/stat.h>
| #endif
| #ifdef STDC_HEADERS
| # include <stdlib.h>
| # include <stddef.h>
| #else
| # ifdef HAVE_STDLIB_H
| #  include <stdlib.h>
| # endif
| #endif
| #ifdef HAVE_STRING_H
| # if !defined STDC_HEADERS && defined HAVE_MEMORY_H
| #  include <memory.h>
| # endif
| # include <string.h>
| #endif
| #ifdef HAVE_STRINGS_H
| # include <strings.h>
| #endif
| #ifdef HAVE_INTTYPES_H
| # include <inttypes.h>
| #endif
| #ifdef HAVE_STDINT_H
| # include <stdint.h>
| #endif
| #ifdef HAVE_UNISTD_H
| # include <unistd.h>
| #endif
| int
| main ()
| {
| if (sizeof ((_Bool)))
| 	    return 0;
|   ;
|   return 0;
| }
configure:4399: result: yes
configure:4410: checking for off_t
configure:4410: arm-brcm-linux-uclibcgnueabi-gcc -c  -std=gnu99 -D_GNU_SOURCE -DLINUX26 -DCONFIG_BCMWL5 -DDEBUG_NOISY -DDEBUG_RCTEST -pipe -DBCMWPA2 -DBCMARM -fno-strict-aliasing -marm -DLINUX_KERNEL_VERSION=132644  -I/home/paldier/k3/release/src-rt-7.14.114.x/src/router/nvram_arm -I/home/paldier/k3/release/src-rt-7.14.114.x/src/router/shared -I/home/paldier/k3/release/src-rt-7.14.114.x/src/include -I/home/paldier/k3/release/src-rt-7.14.114.x/src/linux/linux-2.6.36/include  conftest.c >&5
configure:4410: $? = 0
configure:4410: arm-brcm-linux-uclibcgnueabi-gcc -c  -std=gnu99 -D_GNU_SOURCE -DLINUX26 -DCONFIG_BCMWL5 -DDEBUG_NOISY -DDEBUG_RCTEST -pipe -DBCMWPA2 -DBCMARM -fno-strict-aliasing -marm -DLINUX_KERNEL_VERSION=132644  -I/home/paldier/k3/release/src-rt-7.14.114.x/src/router/nvram_arm -I/home/paldier/k3/release/src-rt-7.14.114.x/src/router/shared -I/home/paldier/k3/release/src-rt-7.14.114.x/src/include -I/home/paldier/k3/release/src-rt-7.14.114.x/src/linux/linux-2.6.36/include  conftest.c >&5
conftest.c: In function 'main':
conftest.c:67:20: error: expected expression before ')' token
configure:4410: $? = 1
configure: failed program was:
| /* confdefs.h */
| #define PACKAGE_NAME "k3screenctrl"
| #define PACKAGE_TARNAME "k3screenctrl"
| #define PACKAGE_VERSION "0.10"
| #define PACKAGE_STRING "k3screenctrl 0.10"
| #define PACKAGE_BUGREPORT "haotia@gmail.com"
| #define PACKAGE_URL ""
| #define PACKAGE "k3screenctrl"
| #define VERSION "0.10"
| #define STDC_HEADERS 1
| #define HAVE_SYS_TYPES_H 1
| #define HAVE_SYS_STAT_H 1
| #define HAVE_STDLIB_H 1
| #define HAVE_STRING_H 1
| #define HAVE_MEMORY_H 1
| #define HAVE_STRINGS_H 1
| #define HAVE_INTTYPES_H 1
| #define HAVE_STDINT_H 1
| #define HAVE_UNISTD_H 1
| #define HAVE_ARPA_INET_H 1
| #define HAVE_FCNTL_H 1
| #define HAVE_STDINT_H 1
| #define HAVE_STDLIB_H 1
| #define HAVE_STRING_H 1
| #define HAVE_SYS_IOCTL_H 1
| #define HAVE_SYSLOG_H 1
| #define HAVE_TERMIOS_H 1
| #define HAVE_UNISTD_H 1
| #define HAVE__BOOL 1
| /* end confdefs.h.  */
| #include <stdio.h>
| #ifdef HAVE_SYS_TYPES_H
| # include <sys/types.h>
| #endif
| #ifdef HAVE_SYS_STAT_H
| # include <sys/stat.h>
| #endif
| #ifdef STDC_HEADERS
| # include <stdlib.h>
| # include <stddef.h>
| #else
| # ifdef HAVE_STDLIB_H
| #  include <stdlib.h>
| # endif
| #endif
| #ifdef HAVE_STRING_H
| # if !defined STDC_HEADERS && defined HAVE_MEMORY_H
| #  include <memory.h>
| # endif
| # include <string.h>
| #endif
| #ifdef HAVE_STRINGS_H
| # include <strings.h>
| #endif
| #ifdef HAVE_INTTYPES_H
| # include <inttypes.h>
| #endif
| #ifdef HAVE_STDINT_H
| # include <stdint.h>
| #endif
| #ifdef HAVE_UNISTD_H
| # include <unistd.h>
| #endif
| int
| main ()
| {
| if (sizeof ((off_t)))
| 	    return 0;
|   ;
|   return 0;
| }
configure:4410: result: yes
configure:4421: checking for size_t
configure:4421: arm-brcm-linux-uclibcgnueabi-gcc -c  -std=gnu99 -D_GNU_SOURCE -DLINUX26 -DCONFIG_BCMWL5 -DDEBUG_NOISY -DDEBUG_RCTEST -pipe -DBCMWPA2 -DBCMARM -fno-strict-aliasing -marm -DLINUX_KERNEL_VERSION=132644  -I/home/paldier/k3/release/src-rt-7.14.114.x/src/router/nvram_arm -I/home/paldier/k3/release/src-rt-7.14.114.x/src/router/shared -I/home/paldier/k3/release/src-rt-7.14.114.x/src/include -I/home/paldier/k3/release/src-rt-7.14.114.x/src/linux/linux-2.6.36/include  conftest.c >&5
configure:4421: $? = 0
configure:4421: arm-brcm-linux-uclibcgnueabi-gcc -c  -std=gnu99 -D_GNU_SOURCE -DLINUX26 -DCONFIG_BCMWL5 -DDEBUG_NOISY -DDEBUG_RCTEST -pipe -DBCMWPA2 -DBCMARM -fno-strict-aliasing -marm -DLINUX_KERNEL_VERSION=132644  -I/home/paldier/k3/release/src-rt-7.14.114.x/src/router/nvram_arm -I/home/paldier/k3/release/src-rt-7.14.114.x/src/router/shared -I/home/paldier/k3/release/src-rt-7.14.114.x/src/include -I/home/paldier/k3/release/src-rt-7.14.114.x/src/linux/linux-2.6.36/include  conftest.c >&5
conftest.c: In function 'main':
conftest.c:67:21: error: expected expression before ')' token
configure:4421: $? = 1
configure: failed program was:
| /* confdefs.h */
| #define PACKAGE_NAME "k3screenctrl"
| #define PACKAGE_TARNAME "k3screenctrl"
| #define PACKAGE_VERSION "0.10"
| #define PACKAGE_STRING "k3screenctrl 0.10"
| #define PACKAGE_BUGREPORT "haotia@gmail.com"
| #define PACKAGE_URL ""
| #define PACKAGE "k3screenctrl"
| #define VERSION "0.10"
| #define STDC_HEADERS 1
| #define HAVE_SYS_TYPES_H 1
| #define HAVE_SYS_STAT_H 1
| #define HAVE_STDLIB_H 1
| #define HAVE_STRING_H 1
| #define HAVE_MEMORY_H 1
| #define HAVE_STRINGS_H 1
| #define HAVE_INTTYPES_H 1
| #define HAVE_STDINT_H 1
| #define HAVE_UNISTD_H 1
| #define HAVE_ARPA_INET_H 1
| #define HAVE_FCNTL_H 1
| #define HAVE_STDINT_H 1
| #define HAVE_STDLIB_H 1
| #define HAVE_STRING_H 1
| #define HAVE_SYS_IOCTL_H 1
| #define HAVE_SYSLOG_H 1
| #define HAVE_TERMIOS_H 1
| #define HAVE_UNISTD_H 1
| #define HAVE__BOOL 1
| /* end confdefs.h.  */
| #include <stdio.h>
| #ifdef HAVE_SYS_TYPES_H
| # include <sys/types.h>
| #endif
| #ifdef HAVE_SYS_STAT_H
| # include <sys/stat.h>
| #endif
| #ifdef STDC_HEADERS
| # include <stdlib.h>
| # include <stddef.h>
| #else
| # ifdef HAVE_STDLIB_H
| #  include <stdlib.h>
| # endif
| #endif
| #ifdef HAVE_STRING_H
| # if !defined STDC_HEADERS && defined HAVE_MEMORY_H
| #  include <memory.h>
| # endif
| # include <string.h>
| #endif
| #ifdef HAVE_STRINGS_H
| # include <strings.h>
| #endif
| #ifdef HAVE_INTTYPES_H
| # include <inttypes.h>
| #endif
| #ifdef HAVE_STDINT_H
| # include <stdint.h>
| #endif
| #ifdef HAVE_UNISTD_H
| # include <unistd.h>
| #endif
| int
| main ()
| {
| if (sizeof ((size_t)))
| 	    return 0;
|   ;
|   return 0;
| }
configure:4421: result: yes
configure:4432: checking for uint16_t
configure:4432: arm-brcm-linux-uclibcgnueabi-gcc -c  -std=gnu99 -D_GNU_SOURCE -DLINUX26 -DCONFIG_BCMWL5 -DDEBUG_NOISY -DDEBUG_RCTEST -pipe -DBCMWPA2 -DBCMARM -fno-strict-aliasing -marm -DLINUX_KERNEL_VERSION=132644  -I/home/paldier/k3/release/src-rt-7.14.114.x/src/router/nvram_arm -I/home/paldier/k3/release/src-rt-7.14.114.x/src/router/shared -I/home/paldier/k3/release/src-rt-7.14.114.x/src/include -I/home/paldier/k3/release/src-rt-7.14.114.x/src/linux/linux-2.6.36/include  conftest.c >&5
configure:4432: $? = 0
configure:4432: result: yes
configure:4448: checking for stdlib.h
configure:4448: result: yes
configure:4458: checking for GNU libc compatible malloc
configure:4492: result: no
configure:4519: checking for stdlib.h
configure:4519: result: yes
configure:4519: checking for unistd.h
configure:4519: result: yes
configure:4519: checking for sys/param.h
configure:4519: arm-brcm-linux-uclibcgnueabi-gcc -c  -std=gnu99 -D_GNU_SOURCE -DLINUX26 -DCONFIG_BCMWL5 -DDEBUG_NOISY -DDEBUG_RCTEST -pipe -DBCMWPA2 -DBCMARM -fno-strict-aliasing -marm -DLINUX_KERNEL_VERSION=132644  -I/home/paldier/k3/release/src-rt-7.14.114.x/src/router/nvram_arm -I/home/paldier/k3/release/src-rt-7.14.114.x/src/router/shared -I/home/paldier/k3/release/src-rt-7.14.114.x/src/include -I/home/paldier/k3/release/src-rt-7.14.114.x/src/linux/linux-2.6.36/include  conftest.c >&5
configure:4519: $? = 0
configure:4519: result: yes
configure:4539: checking for getpagesize
configure:4539: arm-brcm-linux-uclibcgnueabi-gcc -o conftest  -std=gnu99 -D_GNU_SOURCE -DLINUX26 -DCONFIG_BCMWL5 -DDEBUG_NOISY -DDEBUG_RCTEST -pipe -DBCMWPA2 -DBCMARM -fno-strict-aliasing -marm -DLINUX_KERNEL_VERSION=132644  -I/home/paldier/k3/release/src-rt-7.14.114.x/src/router/nvram_arm -I/home/paldier/k3/release/src-rt-7.14.114.x/src/router/shared -I/home/paldier/k3/release/src-rt-7.14.114.x/src/include -I/home/paldier/k3/release/src-rt-7.14.114.x/src/linux/linux-2.6.36/include  -lgcc_s -L/home/paldier/k3/release/src-rt-7.14.114.x/src/router/nvram_arm -lnvram -L/home/paldier/k3/release/src-rt-7.14.114.x/src/router/shared -lshared conftest.c  >&5
configure:4539: $? = 0
configure:4539: result: yes
configure:4548: checking for working mmap
configure:4705: result: no
configure:4717: checking for alarm
configure:4717: arm-brcm-linux-uclibcgnueabi-gcc -o conftest  -std=gnu99 -D_GNU_SOURCE -DLINUX26 -DCONFIG_BCMWL5 -DDEBUG_NOISY -DDEBUG_RCTEST -pipe -DBCMWPA2 -DBCMARM -fno-strict-aliasing -marm -DLINUX_KERNEL_VERSION=132644  -I/home/paldier/k3/release/src-rt-7.14.114.x/src/router/nvram_arm -I/home/paldier/k3/release/src-rt-7.14.114.x/src/router/shared -I/home/paldier/k3/release/src-rt-7.14.114.x/src/include -I/home/paldier/k3/release/src-rt-7.14.114.x/src/linux/linux-2.6.36/include  -lgcc_s -L/home/paldier/k3/release/src-rt-7.14.114.x/src/router/nvram_arm -lnvram -L/home/paldier/k3/release/src-rt-7.14.114.x/src/router/shared -lshared conftest.c  >&5
configure:4717: $? = 0
configure:4717: result: yes
configure:4717: checking for atexit
configure:4717: arm-brcm-linux-uclibcgnueabi-gcc -o conftest  -std=gnu99 -D_GNU_SOURCE -DLINUX26 -DCONFIG_BCMWL5 -DDEBUG_NOISY -DDEBUG_RCTEST -pipe -DBCMWPA2 -DBCMARM -fno-strict-aliasing -marm -DLINUX_KERNEL_VERSION=132644  -I/home/paldier/k3/release/src-rt-7.14.114.x/src/router/nvram_arm -I/home/paldier/k3/release/src-rt-7.14.114.x/src/router/shared -I/home/paldier/k3/release/src-rt-7.14.114.x/src/include -I/home/paldier/k3/release/src-rt-7.14.114.x/src/linux/linux-2.6.36/include  -lgcc_s -L/home/paldier/k3/release/src-rt-7.14.114.x/src/router/nvram_arm -lnvram -L/home/paldier/k3/release/src-rt-7.14.114.x/src/router/shared -lshared conftest.c  >&5
configure:4717: $? = 0
configure:4717: result: yes
configure:4717: checking for bzero
configure:4717: arm-brcm-linux-uclibcgnueabi-gcc -o conftest  -std=gnu99 -D_GNU_SOURCE -DLINUX26 -DCONFIG_BCMWL5 -DDEBUG_NOISY -DDEBUG_RCTEST -pipe -DBCMWPA2 -DBCMARM -fno-strict-aliasing -marm -DLINUX_KERNEL_VERSION=132644  -I/home/paldier/k3/release/src-rt-7.14.114.x/src/router/nvram_arm -I/home/paldier/k3/release/src-rt-7.14.114.x/src/router/shared -I/home/paldier/k3/release/src-rt-7.14.114.x/src/include -I/home/paldier/k3/release/src-rt-7.14.114.x/src/linux/linux-2.6.36/include  -lgcc_s -L/home/paldier/k3/release/src-rt-7.14.114.x/src/router/nvram_arm -lnvram -L/home/paldier/k3/release/src-rt-7.14.114.x/src/router/shared -lshared conftest.c  >&5
conftest.c:63:6: warning: conflicting types for built-in function 'bzero'
configure:4717: $? = 0
configure:4717: result: yes
configure:4717: checking for memchr
configure:4717: arm-brcm-linux-uclibcgnueabi-gcc -o conftest  -std=gnu99 -D_GNU_SOURCE -DLINUX26 -DCONFIG_BCMWL5 -DDEBUG_NOISY -DDEBUG_RCTEST -pipe -DBCMWPA2 -DBCMARM -fno-strict-aliasing -marm -DLINUX_KERNEL_VERSION=132644  -I/home/paldier/k3/release/src-rt-7.14.114.x/src/router/nvram_arm -I/home/paldier/k3/release/src-rt-7.14.114.x/src/router/shared -I/home/paldier/k3/release/src-rt-7.14.114.x/src/include -I/home/paldier/k3/release/src-rt-7.14.114.x/src/linux/linux-2.6.36/include  -lgcc_s -L/home/paldier/k3/release/src-rt-7.14.114.x/src/router/nvram_arm -lnvram -L/home/paldier/k3/release/src-rt-7.14.114.x/src/router/shared -lshared conftest.c  >&5
conftest.c:64:6: warning: conflicting types for built-in function 'memchr'
configure:4717: $? = 0
configure:4717: result: yes
configure:4717: checking for memmove
configure:4717: arm-brcm-linux-uclibcgnueabi-gcc -o conftest  -std=gnu99 -D_GNU_SOURCE -DLINUX26 -DCONFIG_BCMWL5 -DDEBUG_NOISY -DDEBUG_RCTEST -pipe -DBCMWPA2 -DBCMARM -fno-strict-aliasing -marm -DLINUX_KERNEL_VERSION=132644  -I/home/paldier/k3/release/src-rt-7.14.114.x/src/router/nvram_arm -I/home/paldier/k3/release/src-rt-7.14.114.x/src/router/shared -I/home/paldier/k3/release/src-rt-7.14.114.x/src/include -I/home/paldier/k3/release/src-rt-7.14.114.x/src/linux/linux-2.6.36/include  -lgcc_s -L/home/paldier/k3/release/src-rt-7.14.114.x/src/router/nvram_arm -lnvram -L/home/paldier/k3/release/src-rt-7.14.114.x/src/router/shared -lshared conftest.c  >&5
conftest.c:65:6: warning: conflicting types for built-in function 'memmove'
configure:4717: $? = 0
configure:4717: result: yes
configure:4717: checking for munmap
configure:4717: arm-brcm-linux-uclibcgnueabi-gcc -o conftest  -std=gnu99 -D_GNU_SOURCE -DLINUX26 -DCONFIG_BCMWL5 -DDEBUG_NOISY -DDEBUG_RCTEST -pipe -DBCMWPA2 -DBCMARM -fno-strict-aliasing -marm -DLINUX_KERNEL_VERSION=132644  -I/home/paldier/k3/release/src-rt-7.14.114.x/src/router/nvram_arm -I/home/paldier/k3/release/src-rt-7.14.114.x/src/router/shared -I/home/paldier/k3/release/src-rt-7.14.114.x/src/include -I/home/paldier/k3/release/src-rt-7.14.114.x/src/linux/linux-2.6.36/include  -lgcc_s -L/home/paldier/k3/release/src-rt-7.14.114.x/src/router/nvram_arm -lnvram -L/home/paldier/k3/release/src-rt-7.14.114.x/src/router/shared -lshared conftest.c  >&5
configure:4717: $? = 0
configure:4717: result: yes
configure:4717: checking for strchr
configure:4717: arm-brcm-linux-uclibcgnueabi-gcc -o conftest  -std=gnu99 -D_GNU_SOURCE -DLINUX26 -DCONFIG_BCMWL5 -DDEBUG_NOISY -DDEBUG_RCTEST -pipe -DBCMWPA2 -DBCMARM -fno-strict-aliasing -marm -DLINUX_KERNEL_VERSION=132644  -I/home/paldier/k3/release/src-rt-7.14.114.x/src/router/nvram_arm -I/home/paldier/k3/release/src-rt-7.14.114.x/src/router/shared -I/home/paldier/k3/release/src-rt-7.14.114.x/src/include -I/home/paldier/k3/release/src-rt-7.14.114.x/src/linux/linux-2.6.36/include  -lgcc_s -L/home/paldier/k3/release/src-rt-7.14.114.x/src/router/nvram_arm -lnvram -L/home/paldier/k3/release/src-rt-7.14.114.x/src/router/shared -lshared conftest.c  >&5
conftest.c:67:6: warning: conflicting types for built-in function 'strchr'
configure:4717: $? = 0
configure:4717: result: yes
configure:4717: checking for strdup
configure:4717: arm-brcm-linux-uclibcgnueabi-gcc -o conftest  -std=gnu99 -D_GNU_SOURCE -DLINUX26 -DCONFIG_BCMWL5 -DDEBUG_NOISY -DDEBUG_RCTEST -pipe -DBCMWPA2 -DBCMARM -fno-strict-aliasing -marm -DLINUX_KERNEL_VERSION=132644  -I/home/paldier/k3/release/src-rt-7.14.114.x/src/router/nvram_arm -I/home/paldier/k3/release/src-rt-7.14.114.x/src/router/shared -I/home/paldier/k3/release/src-rt-7.14.114.x/src/include -I/home/paldier/k3/release/src-rt-7.14.114.x/src/linux/linux-2.6.36/include  -lgcc_s -L/home/paldier/k3/release/src-rt-7.14.114.x/src/router/nvram_arm -lnvram -L/home/paldier/k3/release/src-rt-7.14.114.x/src/router/shared -lshared conftest.c  >&5
conftest.c:68:6: warning: conflicting types for built-in function 'strdup'
configure:4717: $? = 0
configure:4717: result: yes
configure:4717: checking for strerror
configure:4717: arm-brcm-linux-uclibcgnueabi-gcc -o conftest  -std=gnu99 -D_GNU_SOURCE -DLINUX26 -DCONFIG_BCMWL5 -DDEBUG_NOISY -DDEBUG_RCTEST -pipe -DBCMWPA2 -DBCMARM -fno-strict-aliasing -marm -DLINUX_KERNEL_VERSION=132644  -I/home/paldier/k3/release/src-rt-7.14.114.x/src/router/nvram_arm -I/home/paldier/k3/release/src-rt-7.14.114.x/src/router/shared -I/home/paldier/k3/release/src-rt-7.14.114.x/src/include -I/home/paldier/k3/release/src-rt-7.14.114.x/src/linux/linux-2.6.36/include  -lgcc_s -L/home/paldier/k3/release/src-rt-7.14.114.x/src/router/nvram_arm -lnvram -L/home/paldier/k3/release/src-rt-7.14.114.x/src/router/shared -lshared conftest.c  >&5
configure:4717: $? = 0
configure:4717: result: yes
configure:4717: checking for strndup
configure:4717: arm-brcm-linux-uclibcgnueabi-gcc -o conftest  -std=gnu99 -D_GNU_SOURCE -DLINUX26 -DCONFIG_BCMWL5 -DDEBUG_NOISY -DDEBUG_RCTEST -pipe -DBCMWPA2 -DBCMARM -fno-strict-aliasing -marm -DLINUX_KERNEL_VERSION=132644  -I/home/paldier/k3/release/src-rt-7.14.114.x/src/router/nvram_arm -I/home/paldier/k3/release/src-rt-7.14.114.x/src/router/shared -I/home/paldier/k3/release/src-rt-7.14.114.x/src/include -I/home/paldier/k3/release/src-rt-7.14.114.x/src/linux/linux-2.6.36/include  -lgcc_s -L/home/paldier/k3/release/src-rt-7.14.114.x/src/router/nvram_arm -lnvram -L/home/paldier/k3/release/src-rt-7.14.114.x/src/router/shared -lshared conftest.c  >&5
conftest.c:70:6: warning: conflicting types for built-in function 'strndup'
configure:4717: $? = 0
configure:4717: result: yes
configure:4838: checking that generated files are newer than configure
configure:4844: result: done
configure:4867: creating ./config.status

## ---------------------- ##
## Running config.status. ##
## ---------------------- ##

This file was extended by k3screenctrl config.status 0.10, which was
generated by GNU Autoconf 2.69.  Invocation command line was

  CONFIG_FILES    = 
  CONFIG_HEADERS  = 
  CONFIG_LINKS    = 
  CONFIG_COMMANDS = 
  $ ./config.status 

on paldier-VirtualBox

config.status:884: creating Makefile
config.status:884: creating src/Makefile
config.status:884: creating lib/Makefile
config.status:884: creating config.h
config.status:1113: executing depfiles commands
configure:6181: WARNING: unrecognized options: --enable-shared, --enable-static

## ---------------- ##
## Cache variables. ##
## ---------------- ##

ac_cv_c_compiler_gnu=yes
ac_cv_c_uint16_t=yes
ac_cv_env_CC_set=set
ac_cv_env_CC_value=arm-brcm-linux-uclibcgnueabi-gcc
ac_cv_env_CFLAGS_set=set
ac_cv_env_CFLAGS_value=' -std=gnu99 -D_GNU_SOURCE -DLINUX26 -DCONFIG_BCMWL5 -DDEBUG_NOISY -DDEBUG_RCTEST -pipe -DBCMWPA2 -DBCMARM -fno-strict-aliasing -marm -DLINUX_KERNEL_VERSION=132644  -I/home/paldier/k3/release/src-rt-7.14.114.x/src/router/nvram_arm -I/home/paldier/k3/release/src-rt-7.14.114.x/src/router/shared -I/home/paldier/k3/release/src-rt-7.14.114.x/src/include -I/home/paldier/k3/release/src-rt-7.14.114.x/src/linux/linux-2.6.36/include'
ac_cv_env_CPPFLAGS_set=
ac_cv_env_CPPFLAGS_value=
ac_cv_env_CPP_set=
ac_cv_env_CPP_value=
ac_cv_env_LDFLAGS_set=set
ac_cv_env_LDFLAGS_value='-lgcc_s -L/home/paldier/k3/release/src-rt-7.14.114.x/src/router/nvram_arm -lnvram -L/home/paldier/k3/release/src-rt-7.14.114.x/src/router/shared -lshared'
ac_cv_env_LIBS_set=
ac_cv_env_LIBS_value=
ac_cv_env_build_alias_set=set
ac_cv_env_build_alias_value=x86_64-linux-gnu
ac_cv_env_host_alias_set=set
ac_cv_env_host_alias_value=arm-linux
ac_cv_env_target_alias_set=set
ac_cv_env_target_alias_value=arm-linux
ac_cv_func_alarm=yes
ac_cv_func_atexit=yes
ac_cv_func_bzero=yes
ac_cv_func_getpagesize=yes
ac_cv_func_malloc_0_nonnull=no
ac_cv_func_memchr=yes
ac_cv_func_memmove=yes
ac_cv_func_mmap_fixed_mapped=no
ac_cv_func_munmap=yes
ac_cv_func_strchr=yes
ac_cv_func_strdup=yes
ac_cv_func_strerror=yes
ac_cv_func_strndup=yes
ac_cv_header_arpa_inet_h=yes
ac_cv_header_fcntl_h=yes
ac_cv_header_inttypes_h=yes
ac_cv_header_memory_h=yes
ac_cv_header_stdbool_h=yes
ac_cv_header_stdc=yes
ac_cv_header_stdint_h=yes
ac_cv_header_stdlib_h=yes
ac_cv_header_string_h=yes
ac_cv_header_strings_h=yes
ac_cv_header_sys_ioctl_h=yes
ac_cv_header_sys_param_h=yes
ac_cv_header_sys_stat_h=yes
ac_cv_header_sys_types_h=yes
ac_cv_header_syslog_h=yes
ac_cv_header_termios_h=yes
ac_cv_header_unistd_h=yes
ac_cv_objext=o
ac_cv_path_EGREP='/bin/grep -E'
ac_cv_path_GREP=/bin/grep
ac_cv_path_install='/usr/bin/install -c'
ac_cv_path_mkdir=/bin/mkdir
ac_cv_prog_AWK=gawk
ac_cv_prog_CC=arm-brcm-linux-uclibcgnueabi-gcc
ac_cv_prog_CPP='arm-brcm-linux-uclibcgnueabi-gcc -E'
ac_cv_prog_STRIP=arm-brcm-linux-uclibcgnueabi-strip
ac_cv_prog_cc_c89=
ac_cv_prog_cc_g=yes
ac_cv_prog_make_make_set=yes
ac_cv_type__Bool=yes
ac_cv_type_off_t=yes
ac_cv_type_size_t=yes
am_cv_CC_dependencies_compiler_type=gcc3
am_cv_make_support_nested_variables=yes
am_cv_prog_cc_c_o=yes

## ----------------- ##
## Output variables. ##
## ----------------- ##

ACLOCAL='${SHELL} /home/paldier/k3/release/src/router/k3screenctrl/missing aclocal-1.14'
AMDEPBACKSLASH='\'
AMDEP_FALSE='#'
AMDEP_TRUE=''
AMTAR='$${TAR-tar}'
AM_BACKSLASH='\'
AM_DEFAULT_V='$(AM_DEFAULT_VERBOSITY)'
AM_DEFAULT_VERBOSITY='1'
AM_V='$(V)'
AUTOCONF='${SHELL} /home/paldier/k3/release/src/router/k3screenctrl/missing autoconf'
AUTOHEADER='${SHELL} /home/paldier/k3/release/src/router/k3screenctrl/missing autoheader'
AUTOMAKE='${SHELL} /home/paldier/k3/release/src/router/k3screenctrl/missing automake-1.14'
AWK='gawk'
CC='arm-brcm-linux-uclibcgnueabi-gcc'
CCDEPMODE='depmode=gcc3'
CFLAGS=' -std=gnu99 -D_GNU_SOURCE -DLINUX26 -DCONFIG_BCMWL5 -DDEBUG_NOISY -DDEBUG_RCTEST -pipe -DBCMWPA2 -DBCMARM -fno-strict-aliasing -marm -DLINUX_KERNEL_VERSION=132644  -I/home/paldier/k3/release/src-rt-7.14.114.x/src/router/nvram_arm -I/home/paldier/k3/release/src-rt-7.14.114.x/src/router/shared -I/home/paldier/k3/release/src-rt-7.14.114.x/src/include -I/home/paldier/k3/release/src-rt-7.14.114.x/src/linux/linux-2.6.36/include'
CPP='arm-brcm-linux-uclibcgnueabi-gcc -E'
CPPFLAGS=''
CYGPATH_W='echo'
DEFS='-DHAVE_CONFIG_H'
DEPDIR='.deps'
ECHO_C=''
ECHO_N='-n'
ECHO_T=''
EGREP='/bin/grep -E'
EXEEXT=''
GREP='/bin/grep'
INSTALL_DATA='${INSTALL} -m 644'
INSTALL_PROGRAM='${INSTALL}'
INSTALL_SCRIPT='${INSTALL}'
INSTALL_STRIP_PROGRAM='$(install_sh) -c -s'
LDFLAGS='-lgcc_s -L/home/paldier/k3/release/src-rt-7.14.114.x/src/router/nvram_arm -lnvram -L/home/paldier/k3/release/src-rt-7.14.114.x/src/router/shared -lshared'
LIBOBJS=' ${LIBOBJDIR}malloc$U.o'
LIBS=''
LTLIBOBJS=' ${LIBOBJDIR}malloc$U.lo'
MAKEINFO='${SHELL} /home/paldier/k3/release/src/router/k3screenctrl/missing makeinfo'
MKDIR_P='/bin/mkdir -p'
OBJEXT='o'
PACKAGE='k3screenctrl'
PACKAGE_BUGREPORT='haotia@gmail.com'
PACKAGE_NAME='k3screenctrl'
PACKAGE_STRING='k3screenctrl 0.10'
PACKAGE_TARNAME='k3screenctrl'
PACKAGE_URL=''
PACKAGE_VERSION='0.10'
PATH_SEPARATOR=':'
SET_MAKE=''
SHELL='/bin/bash'
STRIP='arm-brcm-linux-uclibcgnueabi-strip'
VERSION='0.10'
ac_ct_CC=''
am__EXEEXT_FALSE=''
am__EXEEXT_TRUE='#'
am__fastdepCC_FALSE='#'
am__fastdepCC_TRUE=''
am__include='include'
am__isrc=''
am__leading_dot='.'
am__nodep='_no'
am__quote=''
am__tar='$${TAR-tar} chof - "$$tardir"'
am__untar='$${TAR-tar} xf -'
bindir='${exec_prefix}/bin'
build_alias='x86_64-linux-gnu'
datadir='${datarootdir}'
datarootdir='${prefix}/share'
docdir='${datarootdir}/doc/${PACKAGE_TARNAME}'
dvidir='${docdir}'
exec_prefix='${prefix}'
host_alias='arm-linux'
htmldir='${docdir}'
includedir='${prefix}/include'
infodir='${datarootdir}/info'
install_sh='${SHELL} /home/paldier/k3/release/src/router/k3screenctrl/install-sh'
libdir='${exec_prefix}/lib'
libexecdir='${exec_prefix}/libexec'
localedir='${datarootdir}/locale'
localstatedir='${prefix}/var'
mandir='${datarootdir}/man'
mkdir_p='$(MKDIR_P)'
oldincludedir='/usr/include'
pdfdir='${docdir}'
prefix=''
program_transform_name='s,x,x,'
psdir='${docdir}'
sbindir='${exec_prefix}/sbin'
sharedstatedir='${prefix}/com'
sysconfdir='${prefix}/etc'
target_alias='arm-linux'

## ----------- ##
## confdefs.h. ##
## ----------- ##

/* confdefs.h */
#define PACKAGE_NAME "k3screenctrl"
#define PACKAGE_TARNAME "k3screenctrl"
#define PACKAGE_VERSION "0.10"
#define PACKAGE_STRING "k3screenctrl 0.10"
#define PACKAGE_BUGREPORT "haotia@gmail.com"
#define PACKAGE_URL ""
#define PACKAGE "k3screenctrl"
#define VERSION "0.10"
#define STDC_HEADERS 1
#define HAVE_SYS_TYPES_H 1
#define HAVE_SYS_STAT_H 1
#define HAVE_STDLIB_H 1
#define HAVE_STRING_H 1
#define HAVE_MEMORY_H 1
#define HAVE_STRINGS_H 1
#define HAVE_INTTYPES_H 1
#define HAVE_STDINT_H 1
#define HAVE_UNISTD_H 1
#define HAVE_ARPA_INET_H 1
#define HAVE_FCNTL_H 1
#define HAVE_STDINT_H 1
#define HAVE_STDLIB_H 1
#define HAVE_STRING_H 1
#define HAVE_SYS_IOCTL_H 1
#define HAVE_SYSLOG_H 1
#define HAVE_TERMIOS_H 1
#define HAVE_UNISTD_H 1
#define HAVE__BOOL 1
#define HAVE_STDLIB_H 1
#define HAVE_MALLOC 0
#define malloc rpl_malloc
#define HAVE_STDLIB_H 1
#define HAVE_UNISTD_H 1
#define HAVE_SYS_PARAM_H 1
#define HAVE_GETPAGESIZE 1
#define HAVE_ALARM 1
#define HAVE_ATEXIT 1
#define HAVE_BZERO 1
#define HAVE_MEMCHR 1
#define HAVE_MEMMOVE 1
#define HAVE_MUNMAP 1
#define HAVE_STRCHR 1
#define HAVE_STRDUP 1
#define HAVE_STRERROR 1
#define HAVE_STRNDUP 1

configure: exit 0
